<?xml version="1.0" encoding="UTF-8"?>
<!-- Generated by org.testng.reporters.JUnitReportReporter -->
<testsuite hostname="NB130826" name="com.rop.sample.client.RopSampleClientIT" tests="1" failures="0" timestamp="6 Mar 2014 05:40:27 GMT" time="0.763" errors="0">
  <testcase name="addUser" time="0.763" classname="com.rop.sample.client.RopSampleClientIT"/>
</testsuite> <!-- com.rop.sample.client.RopSampleClientIT -->
