<?xml version="1.0" encoding="UTF-8"?>
<!-- Generated by org.testng.reporters.JUnitReportReporter -->
<testsuite hostname="NB130826" name="com.rop.annotation.HttpActionTest" tests="1" failures="0" timestamp="9 Mar 2014 08:32:07 GMT" time="0.047" errors="0">
  <testcase name="testValueOf" time="0.047" classname="com.rop.annotation.HttpActionTest"/>
</testsuite> <!-- com.rop.annotation.HttpActionTest -->
